[2015-01-23 09:46:04] START
[2015-03-15 23:34:18] CREATE browse.py_.py: 0
[2015-03-15 23:34:35] DELETE CCC/controllers/browse.py_.py: -1
[2015-03-15 23:34:57] CREATE browse.py: 0
[2015-03-15 23:43:35] CREATE browse/index.html: 0
[2015-03-15 23:45:17] EDIT CCC/views/browse/index.html: 5
[2015-03-15 23:46:08] EDIT CCC/views/browse/index.html: 0
[2015-03-15 23:48:28] EDIT CCC/views/browse/index.html: -2
[2015-03-15 23:55:55] EDIT CCC/views/browse/index.html: 0
[2015-03-15 23:56:07] EDIT CCC/views/browse/index.html: 0
[2015-03-15 23:57:38] EDIT CCC/controllers/browse.py: 1
[2015-03-15 23:58:16] EDIT CCC/controllers/browse.py: 0
[2015-03-15 23:58:32] EDIT CCC/views/browse/index.html: 0
[2015-03-15 23:58:54] EDIT CCC/views/browse/index.html: 0
[2015-03-15 23:59:38] EDIT CCC/controllers/browse.py: 1
[2015-03-16 00:00:00] EDIT CCC/views/browse/index.html: 0
[2015-03-16 00:02:49] EDIT CCC/controllers/browse.py: 0
[2015-03-16 00:03:33] EDIT CCC/controllers/browse.py: 0
[2015-03-16 00:05:29] EDIT CCC/views/browse/index.html: 0
[2015-03-16 00:06:17] EDIT CCC/controllers/browse.py: 0
[2015-03-16 00:06:46] EDIT CCC/controllers/browse.py: 0
[2015-03-16 00:07:13] EDIT CCC/controllers/browse.py: 0
[2015-03-16 00:11:06] EDIT CCC/controllers/browse.py: 1
[2015-03-16 00:11:13] EDIT CCC/views/browse/index.html: 0
[2015-03-16 00:11:33] EDIT CCC/controllers/browse.py: 0
[2015-03-16 00:11:37] EDIT CCC/views/browse/index.html: 0
[2015-03-16 00:14:10] EDIT CCC/controllers/browse.py: 0
[2015-03-16 00:14:54] EDIT CCC/controllers/browse.py: 1
[2015-03-16 00:15:23] EDIT CCC/controllers/browse.py: 0
[2015-03-16 00:16:15] EDIT CCC/controllers/browse.py: -1
[2015-03-16 00:17:46] EDIT CCC/controllers/browse.py: 0
[2015-03-16 00:18:29] EDIT CCC/controllers/browse.py: 0
[2015-03-16 00:18:41] EDIT CCC/controllers/browse.py: 0
[2015-03-16 00:18:55] EDIT CCC/controllers/browse.py: 0
[2015-03-16 00:19:35] EDIT CCC/controllers/browse.py: 0
[2015-03-16 00:20:26] EDIT CCC/controllers/browse.py: 0
[2015-03-16 00:20:39] EDIT CCC/controllers/browse.py: 0
[2015-03-16 00:21:20] EDIT CCC/controllers/browse.py: 0
[2015-03-16 00:22:00] EDIT CCC/controllers/browse.py: 0
[2015-03-16 00:22:15] EDIT CCC/controllers/browse.py: 0
[2015-03-16 00:23:07] EDIT CCC/views/browse/index.html: 0
[2015-03-16 00:23:32] EDIT CCC/views/browse/index.html: 0
[2015-03-16 00:27:31] EDIT CCC/controllers/browse.py: 0
[2015-03-16 00:27:43] EDIT CCC/controllers/browse.py: 0
[2015-03-16 00:29:27] EDIT CCC/views/browse/index.html: 2
[2015-03-16 00:29:32] EDIT CCC/views/browse/index.html: 0
[2015-03-16 00:31:04] EDIT CCC/views/browse/index.html: 2
[2015-03-16 00:31:22] EDIT CCC/views/browse/index.html: 0
[2015-03-16 00:31:48] EDIT CCC/views/browse/index.html: 0
[2015-03-16 00:33:09] EDIT CCC/views/browse/index.html: 0
[2015-03-16 00:33:44] EDIT CCC/views/browse/index.html: 0
[2015-03-16 00:34:20] EDIT CCC/views/browse/index.html: 0
[2015-03-16 00:34:22] EDIT CCC/controllers/browse.py: 0
[2015-03-16 00:36:17] EDIT CCC/views/browse/index.html: 0
[2015-03-16 00:39:12] EDIT CCC/views/browse/index.html: 0
[2015-03-16 00:39:27] EDIT CCC/views/browse/index.html: 0
